<?xml version="1.0" encoding="UTF-8"?>
<!-- Generated by org.testng.reporters.JUnitXMLReporter -->
<testsuite hostname="USCBGWL10604" ignored="0" name="OpenCart Tests" tests="6" failures="0" timestamp="2021-03-24T17:41:07 EDT" time="71.956" errors="0">
  <testcase name="test_accout_Registration" time="5.928" classname="testCases.TC_001_AccountRegistration"/>
  <testcase name="test_Login" time="4.989" classname="testCases.TC_002_Login"/>
  <testcase name="test_LoginDDT" time="4.381" classname="testCases.TC_003_LoginDDT"/>
  <testcase name="test_LoginDDT" time="11.775" classname="testCases.TC_003_LoginDDT"/>
  <testcase name="test_LoginDDT" time="12.064" classname="testCases.TC_003_LoginDDT"/>
  <testcase name="test_LoginDDT" time="12.546" classname="testCases.TC_003_LoginDDT"/>
</testsuite> <!-- OpenCart Tests -->
